<?xml version="1.0" encoding="UTF-8"?>
<testsuite xmlns:xsi="http://www.w3.org/2001/XMLSchema-instance" xsi:noNamespaceSchemaLocation="https://maven.apache.org/surefire/maven-surefire-plugin/xsd/surefire-test-report-3.0.xsd" version="3.0" name="etiquetas.EtiquetaCodigoBarraApplicationTests" time="2.844" tests="1" errors="0" skipped="0" failures="0">
  <properties>
[...]
</properties>
  <testcase name="contextLoads" classname="etiquetas.EtiquetaCodigoBarraApplicationTests" time="1.094">
    <system-out><![CDATA[14:26:45.414 [main] INFO org.springframework.test.context.support.AnnotationConfigContextLoaderUtils -- Could not detect default configuration classes for test class [etiquetas.EtiquetaCodigoBarraApplicationTests]: EtiquetaCodigoBarraApplicationTests does not declare any static, non-private, non-final, nested classes annotated with @Configuration.
14:26:45.601 [main] INFO org.springframework.boot.test.context.SpringBootTestContextBootstrapper -- Found @SpringBootConfiguration etiquetas.EtiquetaCodigoBarraApplication for test class etiquetas.EtiquetaCodigoBarraApplicationTests

  .   ____          _            __ _ _
 /\\ / ___'_ __ _ _(_)_ __  __ _ \ \ \ \
( ( )\___ | '_ | '_| | '_ \/ _` | \ \ \ \
 \\/  ___)| |_)| | | | | || (_| |  ) ) ) )
  '  |____| .__|_| |_|_| |_\__, | / / / /
 =========|_|==============|___/=/_/_/_/

 :: Spring Boot ::                (v3.3.5)

2024-11-07T14:26:46.273-03:00  INFO 114836 --- [Etiqueta-Codigo-Barra] [           main] e.EtiquetaCodigoBarraApplicationTests    : Starting EtiquetaCodigoBarraApplicationTests using Java 19.0.1 with PID 114836 (started by Symon Lima in C:\Teste\Etiqueta-Codigo-Barra)
2024-11-07T14:26:46.273-03:00  INFO 114836 --- [Etiqueta-Codigo-Barra] [           main] e.EtiquetaCodigoBarraApplicationTests    : No active profile set, falling back to 1 default profile: "default"
2024-11-07T14:26:46.913-03:00  INFO 114836 --- [Etiqueta-Codigo-Barra] [           main] e.EtiquetaCodigoBarraApplicationTests    : Started EtiquetaCodigoBarraApplicationTests in 1.015 seconds (process running for 2.383)
]]></system-out>
  </testcase>
</testsuite>